2022-06-14T19:49:53+00:00 CRITICAL Uncaught TypeError: call_user_func_array(): Argument #1 ($function) must be a valid callback, function "uc_bread" not found or invalid function name in C:\xampp\htdocs\upcase.com.co\wp-includes\class-wp-hook.php:307
Stack trace:
#0 C:\xampp\htdocs\upcase.com.co\wp-includes\class-wp-hook.php(331): WP_Hook->apply_filters('', Array)
#1 C:\xampp\htdocs\upcase.com.co\wp-includes\plugin.php(476): WP_Hook->do_action(Array)
#2 C:\xampp\htdocs\upcase.com.co\wp-content\themes\upcaseStore\header.php(79): do_action('woocommerce_bef...')
#3 C:\xampp\htdocs\upcase.com.co\wp-includes\template.php(770): require_once('C:\\xampp\\htdocs...')
#4 C:\xampp\htdocs\upcase.com.co\wp-includes\template.php(716): load_template('C:\\xampp\\htdocs...', true, Array)
#5 C:\xampp\htdocs\upcase.com.co\wp-includes\general-template.php(48): locate_template(Array, true, true, Array)
#6 C:\xampp\htdocs\upcase.com.co\wp-content\themes\upcaseStore\page.php(13): get_header()
#7 C:\xampp\htdocs\upcase.com.co\wp-includes\template-loader.php(106): include('C:\\xampp\\htdocs...')
#8 C:\xampp\htdocs\upcase.com.co\wp-blog-header.php(19): require_once('C:\\xampp\\htdocs...')
#9 C:\xampp\htdocs\upcase.com.co\index.php(17): require('C:\\xampp\\htdocs...')
#10 {main}
  thrown in C:\xampp\htdocs\upcase.com.co\wp-includes\class-wp-hook.php on line 307

2022-06-14T21:59:07+00:00 CRITICAL Uncaught TypeError: call_user_func_array(): Argument #1 ($function) must be a valid callback, function "http://woocommerce.com" not found or invalid function name in C:\xampp\htdocs\upcase.com.co\wp-includes\class-wp-hook.php:307
Stack trace:
#0 C:\xampp\htdocs\upcase.com.co\wp-includes\plugin.php(191): WP_Hook->apply_filters('http://localhos...', Array)
#1 C:\xampp\htdocs\upcase.com.co\wp-content\plugins\woocommerce\includes\wc-template-functions.php(2294): apply_filters('woocommerce_bre...', 'http://localhos...')
#2 C:\xampp\htdocs\upcase.com.co\wp-content\themes\upcaseStore\functions.php(49): woocommerce_breadcrumb(Array)
#3 C:\xampp\htdocs\upcase.com.co\wp-includes\class-wp-hook.php(307): uc_bread('')
#4 C:\xampp\htdocs\upcase.com.co\wp-includes\class-wp-hook.php(331): WP_Hook->apply_filters('', Array)
#5 C:\xampp\htdocs\upcase.com.co\wp-includes\plugin.php(476): WP_Hook->do_action(Array)
#6 C:\xampp\htdocs\upcase.com.co\wp-content\themes\upcaseStore\header.php(80): do_action('uc_bread')
#7 C:\xampp\htdocs\upcase.com.co\wp-includes\template.php(770): require_once('C:\\xampp\\htdocs...')
#8 C:\xampp\htdocs\upcase.com.co\wp-includes\template.php(716): load_template('C:\\xampp\\htdocs...', true, Array)
#9 C:\xampp\htdocs\upcase.com.co\wp-includes\general-template.php(48): locate_template(Array, true, true, Array)
#10 C:\xampp\htdocs\upcase.com.co\wp-content\plugins\woocommerce\templates\archive-product.php(20): get_header('shop')
#11 C:\xampp\htdocs\upcase.com.co\wp-content\plugins\woocommerce\includes\wc-core-functions.php(345): include('C:\\xampp\\htdocs...')
#12 C:\xampp\htdocs\upcase.com.co\wp-content\plugins\woocommerce\templates\taxonomy-product-cat.php(22): wc_get_template('archive-product...')
#13 C:\xampp\htdocs\upcase.com.co\wp-includes\template-loader.php(106): include('C:\\xampp\\htdocs...')
#14 C:\xampp\htdocs\upcase.com.co\wp-blog-header.php(19): require_once('C:\\xampp\\htdocs...')
#15 C:\xampp\htdocs\upcase.com.co\index.php(17): require('C:\\xampp\\htdocs...')
#16 {main}
  thrown in C:\xampp\htdocs\upcase.com.co\wp-includes\class-wp-hook.php on line 307

